{"uuid":"cc06332e-3986-4da7-a11a-e648a6d588a6","historyId":"67e4274ee6ff5220be76d2170903337e","fullName":"Como usuario do site Register: Validar cadastro com sucesso no site Register","labels":[{"name":"tag","value":"Register"},{"name":"tag","value":"test001"},{"name":"host","value":"SaragaNotebook"},{"name":"thread","value":"488@SaragaNotebook.main(1)"},{"name":"feature","value":"Como usuario do site Register"},{"name":"story","value":"Validar cadastro com sucesso no site Register"},{"name":"suite","value":"Como usuario do site Register"},{"name":"testClass","value":"Validar cadastro com sucesso no site Register"},{"name":"framework","value":"cucumber4jvm"},{"name":"language","value":"java"},{"name":"gherkin_uri","value":"classpath:features/Register.feature"},{"name":"package","value":"features.Register_feature.Como usuario do site Register"}],"links":[],"name":"Validar cadastro com sucesso no site Register","status":"broken","statusDetails":{"known":false,"muted":false,"flaky":false,"message":"Cannot locate option with text: java\nFor documentation on this error, please visit: https://selenium.dev/exceptions/#no_such_element\nBuild info: version: '4.1.1', revision: 'e8fcc2cecf'\nSystem info: host: 'SARAGANOTEBOOK', ip: '192.168.15.47', os.name: 'Windows 10', os.arch: 'amd64', os.version: '10.0', java.version: '11.0.15'\nDriver info: driver.version: unknown","trace":"org.openqa.selenium.NoSuchElementException: Cannot locate option with text: java\nFor documentation on this error, please visit: https://selenium.dev/exceptions/#no_such_element\nBuild info: version: '4.1.1', revision: 'e8fcc2cecf'\nSystem info: host: 'SARAGANOTEBOOK', ip: '192.168.15.47', os.name: 'Windows 10', os.arch: 'amd64', os.version: '10.0', java.version: '11.0.15'\nDriver info: driver.version: unknown\r\n\tat org.openqa.selenium.support.ui.Select.selectByVisibleText(Select.java:151)\r\n\tat register.RegisterPage.selecionarSkills(RegisterPage.java:57)\r\n\tat steps.RegisterSteps.selecionoASkills(RegisterSteps.java:70)\r\n\tat ✽.seleciono a Skills \"java\"(classpath:features/Register.feature:15)\r\n"},"stage":"finished","description":"    Eu desejo realizar um cadastro\n  Para validar se foi cadastrado com sucesso","steps":[{"name":"Dado  que eu acesso o site Register","status":"passed","statusDetails":{"known":false,"muted":false,"flaky":false},"stage":"finished","steps":[],"attachments":[],"parameters":[],"start":1669483075965,"stop":1669483082429},{"name":"Quando  preencho nome \"Silas\" e sobrenome \"Leão\"","status":"passed","statusDetails":{"known":false,"muted":false,"flaky":false},"stage":"finished","steps":[],"attachments":[],"parameters":[],"start":1669483082432,"stop":1669483083400},{"name":"E  preencho o campo Endereco com valor \"Rua tal\"","status":"passed","statusDetails":{"known":false,"muted":false,"flaky":false},"stage":"finished","steps":[],"attachments":[],"parameters":[],"start":1669483083402,"stop":1669483083599},{"name":"E  preencho o email com valor \"silas.souza@adf.com.br\"","status":"passed","statusDetails":{"known":false,"muted":false,"flaky":false},"stage":"finished","steps":[],"attachments":[],"parameters":[],"start":1669483083601,"stop":1669483083842},{"name":"E  preencho o telefone com o valor \"1112345678\"","status":"passed","statusDetails":{"known":false,"muted":false,"flaky":false},"stage":"finished","steps":[],"attachments":[],"parameters":[],"start":1669483083844,"stop":1669483084032},{"name":"E  clico no checkbox Male, clico no checkbox Movies","status":"passed","statusDetails":{"known":false,"muted":false,"flaky":false},"stage":"finished","steps":[],"attachments":[],"parameters":[],"start":1669483084034,"stop":1669483084136},{"name":"E  seleciono a Skills \"java\"","status":"broken","statusDetails":{"known":false,"muted":false,"flaky":false,"message":"Cannot locate option with text: java\nFor documentation on this error, please visit: https://selenium.dev/exceptions/#no_such_element\nBuild info: version: '4.1.1', revision: 'e8fcc2cecf'\nSystem info: host: 'SARAGANOTEBOOK', ip: '192.168.15.47', os.name: 'Windows 10', os.arch: 'amd64', os.version: '10.0', java.version: '11.0.15'\nDriver info: driver.version: unknown","trace":"org.openqa.selenium.NoSuchElementException: Cannot locate option with text: java\nFor documentation on this error, please visit: https://selenium.dev/exceptions/#no_such_element\nBuild info: version: '4.1.1', revision: 'e8fcc2cecf'\nSystem info: host: 'SARAGANOTEBOOK', ip: '192.168.15.47', os.name: 'Windows 10', os.arch: 'amd64', os.version: '10.0', java.version: '11.0.15'\nDriver info: driver.version: unknown\r\n\tat org.openqa.selenium.support.ui.Select.selectByVisibleText(Select.java:151)\r\n\tat register.RegisterPage.selecionarSkills(RegisterPage.java:57)\r\n\tat steps.RegisterSteps.selecionoASkills(RegisterSteps.java:70)\r\n\tat ✽.seleciono a Skills \"java\"(classpath:features/Register.feature:15)\r\n"},"stage":"finished","steps":[],"attachments":[],"parameters":[],"start":1669483084138,"stop":1669483094266},{"name":"E  seleciono um country","status":"skipped","statusDetails":{"known":false,"muted":false,"flaky":false},"stage":"finished","steps":[],"attachments":[],"parameters":[],"start":1669483094270,"stop":1669483094275},{"name":"E  seleciono o ano \"1989\", o mes \"May\", e o dia \"22\"","status":"skipped","statusDetails":{"known":false,"muted":false,"flaky":false},"stage":"finished","steps":[],"attachments":[],"parameters":[],"start":1669483094277,"stop":1669483094279}],"attachments":[],"parameters":[],"start":1669483069325,"stop":1669483095211}